<?xml version="1.0" encoding="UTF-8"?>
<!-- Generated by org.testng.reporters.JUnitXMLReporter -->
<testsuite hostname="Owner-PC" ignored="0" name="BankingApp Test" tests="3" failures="1" timestamp="2021-07-12T10:34:59 IST" time="619.765" errors="0">
  <testcase name="@BeforeClass setup" time="71.282" classname="com.IntBanking.TestCases.BaseClass">
    <failure type="org.openqa.selenium.WebDriverException" message="chrome not reachable
Build info: version: &amp;apos;3.141.59&amp;apos;, revision: &amp;apos;e82be7d358&amp;apos;, time: &amp;apos;2018-11-14T08:17:03&amp;apos;
System info: host: &amp;apos;OWNER-PC&amp;apos;, ip: &amp;apos;192.168.0.103&amp;apos;, os.name: &amp;apos;Windows 7&amp;apos;, os.arch: &amp;apos;amd64&amp;apos;, os.version: &amp;apos;6.1&amp;apos;, java.version: &amp;apos;1.8.0_191&amp;apos;
Driver info: driver.version: ChromeDriver
remote stacktrace: Backtrace:
	Ordinal0 [0x00D12DB3+2502067]
	Ordinal0 [0x00CAC5B1+2082225]
	Ordinal0 [0x00BB2360+1057632]
	Ordinal0 [0x00BA7325+1012517]
	Ordinal0 [0x00BCFF1B+1179419]
	Ordinal0 [0x00BCC43C+1164348]
	Ordinal0 [0x00BC9C73+1154163]
	Ordinal0 [0x00BF9A22+1350178]
	Ordinal0 [0x00BF967A+1349242]
	Ordinal0 [0x00BF5BEB+1334251]
	Ordinal0 [0x00BD2174+1188212]
	Ordinal0 [0x00BD3009+1191945]
	GetHandleVerifier [0x00E8EC5C+1511084]
	GetHandleVerifier [0x00F38522+2205554]
	GetHandleVerifier [0x00D93393+480739]
	GetHandleVerifier [0x00D92579+477129]
	Ordinal0 [0x00CB1E5D+2104925]
	Ordinal0 [0x00CB63F8+2122744]
	Ordinal0 [0x00CB6537+2123063]
	Ordinal0 [0x00CBEE53+2158163]
	BaseThreadInitThunk [0x768D3677+18]
	RtlInitializeExceptionChain [0x77359D72+99]
	RtlInitializeExceptionChain [0x77359D45+54]
">
      <![CDATA[org.openqa.selenium.WebDriverException: chrome not reachable
Build info: version: '3.141.59', revision: 'e82be7d358', time: '2018-11-14T08:17:03'
System info: host: 'OWNER-PC', ip: '192.168.0.103', os.name: 'Windows 7', os.arch: 'amd64', os.version: '6.1', java.version: '1.8.0_191'
Driver info: driver.version: ChromeDriver
remote stacktrace: Backtrace:
Ordinal0 [0x00D12DB3+2502067]
Ordinal0 [0x00CAC5B1+2082225]
Ordinal0 [0x00BB2360+1057632]
Ordinal0 [0x00BA7325+1012517]
Ordinal0 [0x00BCFF1B+1179419]
Ordinal0 [0x00BCC43C+1164348]
Ordinal0 [0x00BC9C73+1154163]
Ordinal0 [0x00BF9A22+1350178]
Ordinal0 [0x00BF967A+1349242]
Ordinal0 [0x00BF5BEB+1334251]
Ordinal0 [0x00BD2174+1188212]
Ordinal0 [0x00BD3009+1191945]
GetHandleVerifier [0x00E8EC5C+1511084]
GetHandleVerifier [0x00F38522+2205554]
GetHandleVerifier [0x00D93393+480739]
GetHandleVerifier [0x00D92579+477129]
Ordinal0 [0x00CB1E5D+2104925]
Ordinal0 [0x00CB63F8+2122744]
Ordinal0 [0x00CB6537+2123063]
Ordinal0 [0x00CBEE53+2158163]
BaseThreadInitThunk [0x768D3677+18]
RtlInitializeExceptionChain [0x77359D72+99]
RtlInitializeExceptionChain [0x77359D45+54]

at org.openqa.selenium.remote.W3CHandshakeResponse.lambda$errorHandler$0(W3CHandshakeResponse.java:62)
at org.openqa.selenium.remote.HandshakeResponse.lambda$getResponseFunction$0(HandshakeResponse.java:30)
at org.openqa.selenium.remote.ProtocolHandshake.lambda$createSession$0(ProtocolHandshake.java:126)
at java.util.stream.ReferencePipeline$3$1.accept(ReferencePipeline.java:193)
at java.util.Spliterators$ArraySpliterator.tryAdvance(Spliterators.java:958)
at java.util.stream.ReferencePipeline.forEachWithCancel(ReferencePipeline.java:126)
at java.util.stream.AbstractPipeline.copyIntoWithCancel(AbstractPipeline.java:498)
at java.util.stream.AbstractPipeline.copyInto(AbstractPipeline.java:485)
at java.util.stream.AbstractPipeline.wrapAndCopyInto(AbstractPipeline.java:471)
at java.util.stream.FindOps$FindOp.evaluateSequential(FindOps.java:152)
at java.util.stream.AbstractPipeline.evaluate(AbstractPipeline.java:234)
at java.util.stream.ReferencePipeline.findFirst(ReferencePipeline.java:464)
at org.openqa.selenium.remote.ProtocolHandshake.createSession(ProtocolHandshake.java:128)
at org.openqa.selenium.remote.ProtocolHandshake.createSession(ProtocolHandshake.java:74)
at org.openqa.selenium.remote.HttpCommandExecutor.execute(HttpCommandExecutor.java:136)
at org.openqa.selenium.remote.service.DriverCommandExecutor.execute(DriverCommandExecutor.java:83)
at org.openqa.selenium.remote.RemoteWebDriver.execute(RemoteWebDriver.java:552)
at org.openqa.selenium.remote.RemoteWebDriver.startSession(RemoteWebDriver.java:213)
at org.openqa.selenium.remote.RemoteWebDriver.<init>(RemoteWebDriver.java:131)
at org.openqa.selenium.chrome.ChromeDriver.<init>(ChromeDriver.java:181)
at org.openqa.selenium.chrome.ChromeDriver.<init>(ChromeDriver.java:168)
at org.openqa.selenium.chrome.ChromeDriver.<init>(ChromeDriver.java:123)
at com.IntBanking.TestCases.BaseClass.setup(BaseClass.java:50)
at java.util.ArrayList.forEach(ArrayList.java:1257)
... Removed 32 stack frames]]>
    </failure>
  </testcase> <!-- @BeforeClass setup -->
  <testcase name="@AfterClass tearDown" time="-1.626066099231E9" classname="com.IntBanking.TestCases.BaseClass">
    <skipped/>
  </testcase> <!-- @AfterClass tearDown -->
  <testcase name="loginTest" time="248.57" classname="com.IntBanking.TestCases.TC_LoginTest_01"/>
  <testcase name="newCustomerTest" time="0.0" classname="com.IntBanking.TestCases.TC_NewCustomerTest_01">
    <skipped/>
  </testcase> <!-- newCustomerTest -->
  <testcase name="CustomisedStatementTest" time="46.509" classname="com.IntBanking.TestCases.TC_CustomisedStatementTest_17">
    <failure type="org.openqa.selenium.WebDriverException" message="unknown error: unhandled inspector error: {&amp;quot;code&amp;quot;:-32000,&amp;quot;message&amp;quot;:&amp;quot;No target with given id&amp;quot;}
  (Session info: chrome=91.0.4472.124)
Build info: version: &amp;apos;3.141.59&amp;apos;, revision: &amp;apos;e82be7d358&amp;apos;, time: &amp;apos;2018-11-14T08:17:03&amp;apos;
System info: host: &amp;apos;OWNER-PC&amp;apos;, ip: &amp;apos;192.168.0.103&amp;apos;, os.name: &amp;apos;Windows 7&amp;apos;, os.arch: &amp;apos;amd64&amp;apos;, os.version: &amp;apos;6.1&amp;apos;, java.version: &amp;apos;1.8.0_191&amp;apos;
Driver info: org.openqa.selenium.chrome.ChromeDriver
Capabilities {acceptInsecureCerts: false, browserName: chrome, browserVersion: 91.0.4472.124, chrome: {chromedriverVersion: 91.0.4472.19 (1bf021f248676..., userDataDir: C:\Users\Owner\AppData\Loca...}, goog:chromeOptions: {debuggerAddress: localhost:50396}, javascriptEnabled: true, networkConnectionEnabled: false, pageLoadStrategy: normal, platform: WINDOWS, platformName: WINDOWS, proxy: Proxy(), setWindowRect: true, strictFileInteractability: false, timeouts: {implicit: 0, pageLoad: 300000, script: 30000}, unhandledPromptBehavior: dismiss and notify, webauthn:extension:largeBlob: true, webauthn:virtualAuthenticators: true}
Session ID: c887da92961ed2c958a03b1510955f3c">
      <![CDATA[org.openqa.selenium.WebDriverException: unknown error: unhandled inspector error: {"code":-32000,"message":"No target with given id"}
  (Session info: chrome=91.0.4472.124)
Build info: version: '3.141.59', revision: 'e82be7d358', time: '2018-11-14T08:17:03'
System info: host: 'OWNER-PC', ip: '192.168.0.103', os.name: 'Windows 7', os.arch: 'amd64', os.version: '6.1', java.version: '1.8.0_191'
Driver info: org.openqa.selenium.chrome.ChromeDriver
Capabilities {acceptInsecureCerts: false, browserName: chrome, browserVersion: 91.0.4472.124, chrome: {chromedriverVersion: 91.0.4472.19 (1bf021f248676..., userDataDir: C:\Users\Owner\AppData\Loca...}, goog:chromeOptions: {debuggerAddress: localhost:50396}, javascriptEnabled: true, networkConnectionEnabled: false, pageLoadStrategy: normal, platform: WINDOWS, platformName: WINDOWS, proxy: Proxy(), setWindowRect: true, strictFileInteractability: false, timeouts: {implicit: 0, pageLoad: 300000, script: 30000}, unhandledPromptBehavior: dismiss and notify, webauthn:extension:largeBlob: true, webauthn:virtualAuthenticators: true}
Session ID: c887da92961ed2c958a03b1510955f3c
at org.openqa.selenium.remote.http.W3CHttpResponseCodec.createException(W3CHttpResponseCodec.java:187)
at org.openqa.selenium.remote.http.W3CHttpResponseCodec.decode(W3CHttpResponseCodec.java:122)
at org.openqa.selenium.remote.http.W3CHttpResponseCodec.decode(W3CHttpResponseCodec.java:49)
at org.openqa.selenium.remote.HttpCommandExecutor.execute(HttpCommandExecutor.java:158)
at org.openqa.selenium.remote.service.DriverCommandExecutor.execute(DriverCommandExecutor.java:83)
at org.openqa.selenium.remote.RemoteWebDriver.execute(RemoteWebDriver.java:552)
at org.openqa.selenium.remote.RemoteWebDriver.execute(RemoteWebDriver.java:609)
at org.openqa.selenium.remote.RemoteWebDriver$RemoteWebDriverOptions$RemoteWindow.maximize(RemoteWebDriver.java:837)
at org.openqa.selenium.support.events.EventFiringWebDriver$EventFiringWindow.maximize(EventFiringWebDriver.java:769)
at com.IntBanking.TestCases.TC_CustomisedStatementTest_17.CustomisedStatementTest(TC_CustomisedStatementTest_17.java:19)
at java.util.ArrayList.forEach(ArrayList.java:1257)
... Removed 34 stack frames]]>
    </failure>
  </testcase> <!-- CustomisedStatementTest -->
</testsuite> <!-- BankingApp Test -->
